c:\users\lord\documents\visual studio 2015\projects\dev_5_animation\dev5_project_animation\endev_proj\end_graphics\debug\end_graphics.pch
c:\users\lord\documents\visual studio 2015\projects\dev_5_animation\dev5_project_animation\endev_proj\end_graphics\debug\vc140.pdb
c:\users\lord\documents\visual studio 2015\projects\dev_5_animation\dev5_project_animation\endev_proj\end_graphics\debug\vc140.idb
c:\users\lord\documents\visual studio 2015\projects\dev_5_animation\dev5_project_animation\endev_proj\end_graphics\debug\stdafx.obj
c:\users\lord\documents\visual studio 2015\projects\dev_5_animation\dev5_project_animation\endev_proj\end_graphics\debug\end_graphics.obj
c:\users\lord\documents\visual studio 2015\projects\dev_5_animation\dev5_project_animation\endev_proj\end_graphics\debug\wictextureloader.obj
c:\users\lord\documents\visual studio 2015\projects\dev_5_animation\dev5_project_animation\endev_proj\end_graphics\debug\pipelinemanager.obj
c:\users\lord\documents\visual studio 2015\projects\dev_5_animation\dev5_project_animation\endev_proj\end_graphics\skinninganishader.csh
c:\users\lord\documents\visual studio 2015\projects\dev_5_animation\dev5_project_animation\endev_proj\end_graphics\trivial_ps.csh
c:\users\lord\documents\visual studio 2015\projects\dev_5_animation\dev5_project_animation\endev_proj\end_graphics\trivial_vs.csh
c:\users\lord\documents\visual studio 2015\projects\dev_5_animation\dev5_project_animation\endev_proj\debug\skinninganishader.cso
c:\users\lord\documents\visual studio 2015\projects\dev_5_animation\dev5_project_animation\endev_proj\debug\trivial_ps.cso
c:\users\lord\documents\visual studio 2015\projects\dev_5_animation\dev5_project_animation\endev_proj\debug\trivial_vs.cso
c:\users\lord\documents\visual studio 2015\projects\dev_5_animation\dev5_project_animation\endev_proj\debug\end_graphics.ilk
c:\users\lord\documents\visual studio 2015\projects\dev_5_animation\dev5_project_animation\endev_proj\debug\end_graphics.exe
c:\users\lord\documents\visual studio 2015\projects\dev_5_animation\dev5_project_animation\endev_proj\debug\end_graphics.pdb
c:\users\lord\documents\visual studio 2015\projects\dev_5_animation\dev5_project_animation\endev_proj\end_graphics\debug\end_graphics.res
c:\users\lord\documents\visual studio 2015\projects\dev_5_animation\dev5_project_animation\endev_proj\end_graphics\debug\end_graphics.vcxprojresolveassemblyreference.cache
c:\users\lord\documents\visual studio 2015\projects\dev_5_animation\dev5_project_animation\endev_proj\end_graphics\debug\end_graphics.tlog\cl.command.1.tlog
c:\users\lord\documents\visual studio 2015\projects\dev_5_animation\dev5_project_animation\endev_proj\end_graphics\debug\end_graphics.tlog\cl.read.1.tlog
c:\users\lord\documents\visual studio 2015\projects\dev_5_animation\dev5_project_animation\endev_proj\end_graphics\debug\end_graphics.tlog\cl.write.1.tlog
c:\users\lord\documents\visual studio 2015\projects\dev_5_animation\dev5_project_animation\endev_proj\end_graphics\debug\end_graphics.tlog\end_graphics.write.1u.tlog
c:\users\lord\documents\visual studio 2015\projects\dev_5_animation\dev5_project_animation\endev_proj\end_graphics\debug\end_graphics.tlog\fxc.command.1.tlog
c:\users\lord\documents\visual studio 2015\projects\dev_5_animation\dev5_project_animation\endev_proj\end_graphics\debug\end_graphics.tlog\fxc.read.1.tlog
c:\users\lord\documents\visual studio 2015\projects\dev_5_animation\dev5_project_animation\endev_proj\end_graphics\debug\end_graphics.tlog\fxc.write.1.tlog
c:\users\lord\documents\visual studio 2015\projects\dev_5_animation\dev5_project_animation\endev_proj\end_graphics\debug\end_graphics.tlog\link.command.1.tlog
c:\users\lord\documents\visual studio 2015\projects\dev_5_animation\dev5_project_animation\endev_proj\end_graphics\debug\end_graphics.tlog\link.read.1.tlog
c:\users\lord\documents\visual studio 2015\projects\dev_5_animation\dev5_project_animation\endev_proj\end_graphics\debug\end_graphics.tlog\link.write.1.tlog
c:\users\lord\documents\visual studio 2015\projects\dev_5_animation\dev5_project_animation\endev_proj\end_graphics\debug\end_graphics.tlog\rc.command.1.tlog
c:\users\lord\documents\visual studio 2015\projects\dev_5_animation\dev5_project_animation\endev_proj\end_graphics\debug\end_graphics.tlog\rc.read.1.tlog
c:\users\lord\documents\visual studio 2015\projects\dev_5_animation\dev5_project_animation\endev_proj\end_graphics\debug\end_graphics.tlog\rc.write.1.tlog
