c:\users\desky-chan\documents\visual studio 2015\projects\rtaproject\dev5_project_animation\endev_proj\fbx_conv\debug\fbx_conv.pch.codeanalysis
c:\users\desky-chan\documents\visual studio 2015\projects\rtaproject\dev5_project_animation\endev_proj\fbx_conv\debug\vc140.pdb
c:\users\desky-chan\documents\visual studio 2015\projects\rtaproject\dev5_project_animation\endev_proj\fbx_conv\debug\vc140.idb
c:\users\desky-chan\documents\visual studio 2015\projects\rtaproject\dev5_project_animation\endev_proj\fbx_conv\debug\fbx_conv.pch.codeanalysisast
c:\users\desky-chan\documents\visual studio 2015\projects\rtaproject\dev5_project_animation\endev_proj\fbx_conv\debug\stdafx.nativecodeanalysis.xml
c:\users\desky-chan\documents\visual studio 2015\projects\rtaproject\dev5_project_animation\endev_proj\fbx_conv\debug\stdafx.obj
c:\users\desky-chan\documents\visual studio 2015\projects\rtaproject\dev5_project_animation\endev_proj\fbx_conv\debug\clsfbxwrap.nativecodeanalysis.xml
c:\users\desky-chan\documents\visual studio 2015\projects\rtaproject\dev5_project_animation\endev_proj\fbx_conv\debug\fbx_conv.nativecodeanalysis.xml
c:\users\desky-chan\documents\visual studio 2015\projects\rtaproject\dev5_project_animation\endev_proj\fbx_conv\debug\fbx_conv.obj
c:\users\desky-chan\documents\visual studio 2015\projects\rtaproject\dev5_project_animation\endev_proj\fbx_conv\debug\clsfbxwrap.obj
c:\users\desky-chan\documents\visual studio 2015\projects\rtaproject\dev5_project_animation\endev_proj\fbx_conv\debug\dllmain.nativecodeanalysis.xml
c:\users\desky-chan\documents\visual studio 2015\projects\rtaproject\dev5_project_animation\endev_proj\fbx_conv\debug\dllmain.obj
c:\users\desky-chan\documents\visual studio 2015\projects\rtaproject\dev5_project_animation\endev_proj\debug\fbx_conv.lib
c:\users\desky-chan\documents\visual studio 2015\projects\rtaproject\dev5_project_animation\endev_proj\debug\fbx_conv.exp
c:\users\desky-chan\documents\visual studio 2015\projects\rtaproject\dev5_project_animation\endev_proj\debug\fbx_conv.ilk
c:\users\desky-chan\documents\visual studio 2015\projects\rtaproject\dev5_project_animation\endev_proj\debug\fbx_conv.dll
c:\users\desky-chan\documents\visual studio 2015\projects\rtaproject\dev5_project_animation\endev_proj\debug\fbx_conv.pdb
c:\users\desky-chan\documents\visual studio 2015\projects\rtaproject\dev5_project_animation\endev_proj\fbx_conv\debug\nativecodeanalysis.read.1.tlog
c:\users\desky-chan\documents\visual studio 2015\projects\rtaproject\dev5_project_animation\endev_proj\fbx_conv\debug\vc.nativecodeanalysis.all.xml
c:\users\desky-chan\documents\visual studio 2015\projects\rtaproject\dev5_project_animation\endev_proj\debug\fbx_conv.dll.lastcodeanalysissucceeded
c:\users\desky-chan\documents\visual studio 2015\projects\rtaproject\dev5_project_animation\endev_proj\fbx_conv\debug\fbx_conv.tlog\cl.command.1.tlog
c:\users\desky-chan\documents\visual studio 2015\projects\rtaproject\dev5_project_animation\endev_proj\fbx_conv\debug\fbx_conv.tlog\cl.read.1.tlog
c:\users\desky-chan\documents\visual studio 2015\projects\rtaproject\dev5_project_animation\endev_proj\fbx_conv\debug\fbx_conv.tlog\cl.write.1.tlog
c:\users\desky-chan\documents\visual studio 2015\projects\rtaproject\dev5_project_animation\endev_proj\fbx_conv\debug\fbx_conv.tlog\fbx_conv.write.1u.tlog
c:\users\desky-chan\documents\visual studio 2015\projects\rtaproject\dev5_project_animation\endev_proj\fbx_conv\debug\fbx_conv.tlog\link.command.1.tlog
c:\users\desky-chan\documents\visual studio 2015\projects\rtaproject\dev5_project_animation\endev_proj\fbx_conv\debug\fbx_conv.tlog\link.read.1.tlog
c:\users\desky-chan\documents\visual studio 2015\projects\rtaproject\dev5_project_animation\endev_proj\fbx_conv\debug\fbx_conv.tlog\link.write.1.tlog
